Using pre-set license
Built from '2020.3/staging' branch; Version is '2020.3.38f1 (8f5fde82e2dc) revision 9396190'; Using compiler version '192528614'; Build Type 'Release'
OS: 'Windows 10  (10.0.19044) 64bit ProfessionalEducation' Language: 'es' Physical Memory: 8083 MB
BatchMode: 1, IsHumanControllingUs: 0, StartBugReporterOnCrash: 0, Is64bit: 1, IsPro: 0

COMMAND LINE ARGUMENTS:
C:\Program Files\Unity\Hub\Editor\2020.3.38f1\Editor\Unity.exe
-adb2
-batchMode
-noUpm
-name
AssetImportWorker0
-projectPath
C:/Users/diego/OneDrive/Escritorio/videojuegos/unit2/Laboratorio2
-logFile
Logs/AssetImportWorker0.log
-srvPort
50774
Successfully changed project path to: C:/Users/diego/OneDrive/Escritorio/videojuegos/unit2/Laboratorio2
C:/Users/diego/OneDrive/Escritorio/videojuegos/unit2/Laboratorio2
Using Asset Import Pipeline V2.
Refreshing native plugins compatible for Editor in 170.36 ms, found 2 plugins.
Preloading 0 native plugins for Editor in 0.00 ms.
Initialize engine version: 2020.3.38f1 (8f5fde82e2dc)
[Subsystems] Discovering subsystems at path C:/Program Files/Unity/Hub/Editor/2020.3.38f1/Editor/Data/Resources/UnitySubsystems
[Subsystems] Discovering subsystems at path C:/Users/diego/OneDrive/Escritorio/videojuegos/unit2/Laboratorio2/Assets
GfxDevice: creating device client; threaded=0
Direct3D:
    Version:  Direct3D 11.0 [level 11.1]
    Renderer: Intel(R) UHD Graphics 620 (ID=0x3ea0)
    Vendor:   
    VRAM:     4041 MB
    Driver:   30.0.101.1340
Initialize mono
Mono path[0] = 'C:/Program Files/Unity/Hub/Editor/2020.3.38f1/Editor/Data/Managed'
Mono path[1] = 'C:/Program Files/Unity/Hub/Editor/2020.3.38f1/Editor/Data/MonoBleedingEdge/lib/mono/unityjit'
Mono config path = 'C:/Program Files/Unity/Hub/Editor/2020.3.38f1/Editor/Data/MonoBleedingEdge/etc'
Using monoOptions --debugger-agent=transport=dt_socket,embedding=1,server=y,suspend=n,address=127.0.0.1:56052
Begin MonoManager ReloadAssembly
Registering precompiled unity dll's ...
Register platform support module: C:/Program Files/Unity/Hub/Editor/2020.3.38f1/Editor/Data/PlaybackEngines/WindowsStandaloneSupport/UnityEditor.WindowsStandalone.Extensions.dll
Registered in 0.006846 seconds.
Native extension for WindowsStandalone target not found
Refreshing native plugins compatible for Editor in 146.88 ms, found 2 plugins.
Preloading 0 native plugins for Editor in 0.00 ms.
Mono: successfully reloaded assembly
- Completed reload, in  2.817 seconds
Domain Reload Profiling:
	ReloadAssembly (2818ms)
		BeginReloadAssembly (458ms)
			ExecutionOrderSort (0ms)
			DisableScriptedObjects (0ms)
			BackupInstance (0ms)
			ReleaseScriptingObjects (0ms)
			CreateAndSetChildDomain (7ms)
		EndReloadAssembly (1964ms)
			LoadAssemblies (445ms)
			RebuildTransferFunctionScriptingTraits (0ms)
			SetupTypeCache (665ms)
			ReleaseScriptCaches (0ms)
			RebuildScriptCaches (106ms)
			SetupLoadedEditorAssemblies (799ms)
				LogAssemblyErrors (0ms)
				InitializePlatformSupportModulesInManaged (38ms)
				SetLoadedEditorAssemblies (6ms)
				RefreshPlugins (147ms)
				BeforeProcessingInitializeOnLoad (53ms)
				ProcessInitializeOnLoadAttributes (471ms)
				ProcessInitializeOnLoadMethodAttributes (84ms)
				AfterProcessingInitializeOnLoad (0ms)
				EditorAssembliesLoaded (1ms)
			ExecutionOrderSort2 (0ms)
			AwakeInstancesAfterBackupRestoration (0ms)
Platform modules already initialized, skipping
Registering precompiled user dll's ...
Registered in 0.008077 seconds.
Begin MonoManager ReloadAssembly
Native extension for WindowsStandalone target not found
Refreshing native plugins compatible for Editor in 1.07 ms, found 2 plugins.
Preloading 0 native plugins for Editor in 0.00 ms.
Mono: successfully reloaded assembly
- Completed reload, in  3.569 seconds
Domain Reload Profiling:
	ReloadAssembly (3571ms)
		BeginReloadAssembly (668ms)
			ExecutionOrderSort (0ms)
			DisableScriptedObjects (19ms)
			BackupInstance (0ms)
			ReleaseScriptingObjects (0ms)
			CreateAndSetChildDomain (47ms)
		EndReloadAssembly (2699ms)
			LoadAssemblies (419ms)
			RebuildTransferFunctionScriptingTraits (0ms)
			SetupTypeCache (992ms)
			ReleaseScriptCaches (1ms)
			RebuildScriptCaches (157ms)
			SetupLoadedEditorAssemblies (966ms)
				LogAssemblyErrors (0ms)
				InitializePlatformSupportModulesInManaged (12ms)
				SetLoadedEditorAssemblies (1ms)
				RefreshPlugins (1ms)
				BeforeProcessingInitializeOnLoad (282ms)
				ProcessInitializeOnLoadAttributes (609ms)
				ProcessInitializeOnLoadMethodAttributes (41ms)
				AfterProcessingInitializeOnLoad (18ms)
				EditorAssembliesLoaded (1ms)
			ExecutionOrderSort2 (0ms)
			AwakeInstancesAfterBackupRestoration (6ms)
Platform modules already initialized, skipping
========================================================================
Worker process is ready to serve import requests
Launched and connected shader compiler UnityShaderCompiler.exe after 0.16 seconds
Refreshing native plugins compatible for Editor in 1.00 ms, found 2 plugins.
Preloading 0 native plugins for Editor in 0.00 ms.
Unloading 1521 Unused Serialized files (Serialized files now loaded: 0)
System memory in use before: 69.3 MB.
System memory in use after: 69.4 MB.

Unloading 17 unused Assets to reduce memory usage. Loaded Objects now: 1957.
Total: 10.272100 ms (FindLiveObjects: 0.409800 ms CreateObjectMapping: 0.219700 ms MarkObjects: 9.492000 ms  DeleteObjects: 0.147600 ms)

AssetImportParameters requested are different than current active one (requested -> active):
  custom:framework-win-MediaFoundation: 216162199b28c13a410421893ffa2e32 -> 
  custom:video-decoder-ogg-theora: a1e56fd34408186e4bbccfd4996cb3dc -> 
  custom:container-muxer-webm: aa71ff27fc2769a1b78a27578f13a17b -> 
  custom:container-demuxer-webm: 4f35f7cbe854078d1ac9338744f61a02 -> 
  custom:container-demuxer-ogg: 62fdf1f143b41e24485cea50d1cbac27 -> 
  custom:video-encoder-webm-vp8: eb34c28f22e8b96e1ab97ce403110664 -> 
  custom:video-codec-MediaFoundation-h265: 746d11721c4dcdbdad8f713fa42b33f4 -> 
  custom:video-decoder-webm-vp8: 9c59270c3fd7afecdb556c50c9e8de78 -> 
  custom:audio-decoder-ogg-vorbis: bf7c407c2cedff20999df2af8eb42d56 -> 
  custom:audio-encoder-webm-vorbis: bf7c407c2cedff20999df2af8eb42d56 -> 
========================================================================
Received Import Request.
  path: Assets/Scenes/MyGame.unity
  artifactKey: Guid(9fc0d4010bbf28b4594072e72b8655ab) Importer(815301076,1909f56bfc062723c751e8b465ee728b)
Start importing Assets/Scenes/MyGame.unity using Guid(9fc0d4010bbf28b4594072e72b8655ab) Importer(815301076,1909f56bfc062723c751e8b465ee728b)  -> (artifact id: 'cf76919ecf963791744e78a0f45482fd') in 0.062231 seconds 
========================================================================
Received Import Request.
  Time since last request: 436.293589 seconds.
  path: Assets/Scenes
  artifactKey: Guid(6ea315d0fd7389c41b19996891e99ae3) Importer(815301076,1909f56bfc062723c751e8b465ee728b)
Start importing Assets/Scenes using Guid(6ea315d0fd7389c41b19996891e99ae3) Importer(815301076,1909f56bfc062723c751e8b465ee728b)  -> (artifact id: '9168112a17b07f3ee034ca0d2dc1544d') in 0.013253 seconds 
========================================================================
Received Import Request.
  Time since last request: 3.549555 seconds.
  path: Assets/Scenes/Materials
  artifactKey: Guid(52757acf4a6846c41893853c7641b67d) Importer(815301076,1909f56bfc062723c751e8b465ee728b)
Start importing Assets/Scenes/Materials using Guid(52757acf4a6846c41893853c7641b67d) Importer(815301076,1909f56bfc062723c751e8b465ee728b)  -> (artifact id: '027e4987d07a59626196d74fd8169613') in 0.012573 seconds 
========================================================================
Received Import Request.
  Time since last request: 33.528162 seconds.
  path: Assets/Scenes/Materials/Blue.mat
  artifactKey: Guid(c6f87ec16fdaba5429dc44b52d50094d) Importer(815301076,1909f56bfc062723c751e8b465ee728b)
Start importing Assets/Scenes/Materials/Blue.mat using Guid(c6f87ec16fdaba5429dc44b52d50094d) Importer(815301076,1909f56bfc062723c751e8b465ee728b)  -> (artifact id: 'ba95bc4cd19b06df2be441b616b75423') in 0.591660 seconds 
========================================================================
Received Import Request.
  Time since last request: 2397.628890 seconds.
  path: Assets/Scenes/Materials/Blue.mat
  artifactKey: Guid(c6f87ec16fdaba5429dc44b52d50094d) Importer(815301076,1909f56bfc062723c751e8b465ee728b)
Start importing Assets/Scenes/Materials/Blue.mat using Guid(c6f87ec16fdaba5429dc44b52d50094d) Importer(815301076,1909f56bfc062723c751e8b465ee728b)  -> (artifact id: 'eb88f0faacde90d9946dea3e83568c6a') in 0.082310 seconds 
========================================================================
Received Import Request.
  Time since last request: 277.250796 seconds.
  path: Assets/Scenes/Materials/Green.mat
  artifactKey: Guid(1624d709083f93a43ba3165de2afcadc) Importer(815301076,1909f56bfc062723c751e8b465ee728b)
Start importing Assets/Scenes/Materials/Green.mat using Guid(1624d709083f93a43ba3165de2afcadc) Importer(815301076,1909f56bfc062723c751e8b465ee728b)  -> (artifact id: '2ae003d2eb3a6821b91c2a8901f95373') in 0.071369 seconds 
========================================================================
Received Import Request.
  Time since last request: 374.941004 seconds.
  path: Assets/Scenes/Materials/Red.mat
  artifactKey: Guid(eb7abc6726b51134494f34de8b28468b) Importer(815301076,1909f56bfc062723c751e8b465ee728b)
Start importing Assets/Scenes/Materials/Red.mat using Guid(eb7abc6726b51134494f34de8b28468b) Importer(815301076,1909f56bfc062723c751e8b465ee728b)  -> (artifact id: 'f7c79bf38e818f185475d0be48faf164') in 0.092784 seconds 
========================================================================
Received Import Request.
  Time since last request: 142.532644 seconds.
  path: Assets/Scenes/Materials/Red_Dark.mat
  artifactKey: Guid(909ffad84980e134cb33501b1ed1fb6e) Importer(815301076,1909f56bfc062723c751e8b465ee728b)
Start importing Assets/Scenes/Materials/Red_Dark.mat using Guid(909ffad84980e134cb33501b1ed1fb6e) Importer(815301076,1909f56bfc062723c751e8b465ee728b)  -> (artifact id: 'f11008d9123093af8e5fb8eb86aeb5fd') in 0.032471 seconds 
========================================================================
Received Import Request.
  Time since last request: 51.237270 seconds.
  path: Assets/Scenes/Materials/Red_Light.mat
  artifactKey: Guid(097853ba684d8b94e80f552c59eec9f8) Importer(815301076,1909f56bfc062723c751e8b465ee728b)
Start importing Assets/Scenes/Materials/Red_Light.mat using Guid(097853ba684d8b94e80f552c59eec9f8) Importer(815301076,1909f56bfc062723c751e8b465ee728b)  -> (artifact id: 'f24616fb9cdee1c29f712bd229926faf') in 0.108883 seconds 
========================================================================
Received Import Request.
  Time since last request: 65.617194 seconds.
  path: Assets/Scenes/Materials/Red_Medium.mat
  artifactKey: Guid(e0c89b4ddcd02704899a926a0940b8c9) Importer(815301076,1909f56bfc062723c751e8b465ee728b)
Start importing Assets/Scenes/Materials/Red_Medium.mat using Guid(e0c89b4ddcd02704899a926a0940b8c9) Importer(815301076,1909f56bfc062723c751e8b465ee728b)  -> (artifact id: 'b05d87f26eb1aa0884959ac3b191bce6') in 0.057816 seconds 
========================================================================
Received Import Request.
  Time since last request: 248.928615 seconds.
  path: Assets/Scenes/Materials/Red_Light.mat
  artifactKey: Guid(097853ba684d8b94e80f552c59eec9f8) Importer(815301076,1909f56bfc062723c751e8b465ee728b)
Start importing Assets/Scenes/Materials/Red_Light.mat using Guid(097853ba684d8b94e80f552c59eec9f8) Importer(815301076,1909f56bfc062723c751e8b465ee728b)  -> (artifact id: '02647b9b33cb2e88983c24c0ae297442') in 0.065789 seconds 
========================================================================
Received Import Request.
  Time since last request: 0.086310 seconds.
  path: Assets/Scenes/Materials/Red_Dark.mat
  artifactKey: Guid(909ffad84980e134cb33501b1ed1fb6e) Importer(815301076,1909f56bfc062723c751e8b465ee728b)
Start importing Assets/Scenes/Materials/Red_Dark.mat using Guid(909ffad84980e134cb33501b1ed1fb6e) Importer(815301076,1909f56bfc062723c751e8b465ee728b)  -> (artifact id: '55dd860dd00346cf2e77b8300f1da7fa') in 0.070654 seconds 
========================================================================
Received Import Request.
  Time since last request: 0.037189 seconds.
  path: Assets/Scenes/Materials/Red_Medium.mat
  artifactKey: Guid(e0c89b4ddcd02704899a926a0940b8c9) Importer(815301076,1909f56bfc062723c751e8b465ee728b)
Start importing Assets/Scenes/Materials/Red_Medium.mat using Guid(e0c89b4ddcd02704899a926a0940b8c9) Importer(815301076,1909f56bfc062723c751e8b465ee728b)  -> (artifact id: 'a733e46f1ac2c78b1d98f0486604145b') in 0.073084 seconds 
========================================================================
Received Import Request.
  Time since last request: 0.042699 seconds.
  path: Assets/Scenes/Materials/Green.mat
  artifactKey: Guid(1624d709083f93a43ba3165de2afcadc) Importer(815301076,1909f56bfc062723c751e8b465ee728b)
Start importing Assets/Scenes/Materials/Green.mat using Guid(1624d709083f93a43ba3165de2afcadc) Importer(815301076,1909f56bfc062723c751e8b465ee728b)  -> (artifact id: 'bdcdb4f837d57a566573820dd81faf86') in 0.286907 seconds 
========================================================================
Received Import Request.
  Time since last request: 0.079809 seconds.
  path: Assets/Scenes/MyGame.unity
  artifactKey: Guid(9fc0d4010bbf28b4594072e72b8655ab) Importer(815301076,1909f56bfc062723c751e8b465ee728b)
Start importing Assets/Scenes/MyGame.unity using Guid(9fc0d4010bbf28b4594072e72b8655ab) Importer(815301076,1909f56bfc062723c751e8b465ee728b)  -> (artifact id: 'f97746eba14a630355ef95e8c79e06eb') in 6.300428 seconds 
========================================================================
Received Import Request.
  Time since last request: 5.112880 seconds.
  path: Assets/Scenes/Materials/Red.mat
  artifactKey: Guid(eb7abc6726b51134494f34de8b28468b) Importer(815301076,1909f56bfc062723c751e8b465ee728b)
Start importing Assets/Scenes/Materials/Red.mat using Guid(eb7abc6726b51134494f34de8b28468b) Importer(815301076,1909f56bfc062723c751e8b465ee728b)  -> (artifact id: 'a9c21fce5a24db7ea891ef35bda0f4a5') in 0.263598 seconds 
AssetImportWorkerClient::OnTransportError - code=2 error=End of file
